RUN	simulations.RampUsersSimulation	rampuserssimulation	1633424760274	 	3.6.1
USER	Basic Load Simulation	START	1633424767604
USER	Basic Load Simulation	START	1633424767209
USER	Basic Load Simulation	START	1633424767382
REQUEST		Get all games	1633424767252	1633424767671	OK	 
REQUEST		Get all games	1633424767605	1633424767671	OK	 
REQUEST		Get all games	1633424767382	1633424767671	OK	 
USER	Basic Load Simulation	START	1633424767808
REQUEST		Get all games	1633424767809	1633424767818	OK	 
USER	Basic Load Simulation	START	1633424768014
REQUEST		Get all games	1633424768016	1633424768045	OK	 
USER	Basic Load Simulation	START	1633424768219
REQUEST		Get all games	1633424768221	1633424768242	OK	 
USER	Basic Load Simulation	START	1633424768377
REQUEST		Get all games	1633424768379	1633424768391	OK	 
USER	Basic Load Simulation	START	1633424768583
REQUEST		Get all games	1633424768584	1633424768601	OK	 
USER	Basic Load Simulation	START	1633424768772
REQUEST		Get all games	1633424768773	1633424768783	OK	 
USER	Basic Load Simulation	START	1633424768980
REQUEST		Get all games	1633424768981	1633424769001	OK	 
USER	Basic Load Simulation	START	1633424769188
REQUEST		Get all games	1633424769189	1633424769210	OK	 
USER	Basic Load Simulation	START	1633424769376
REQUEST		Get all games	1633424769377	1633424769394	OK	 
USER	Basic Load Simulation	START	1633424769583
REQUEST		Get all games	1633424769584	1633424769601	OK	 
USER	Basic Load Simulation	START	1633424769786
REQUEST		Get all games	1633424769787	1633424769793	OK	 
USER	Basic Load Simulation	START	1633424769980
REQUEST		Get all games	1633424769981	1633424769992	OK	 
USER	Basic Load Simulation	START	1633424770185
REQUEST		Get all games	1633424770186	1633424770204	OK	 
USER	Basic Load Simulation	START	1633424770372
REQUEST		Get all games	1633424770373	1633424770388	OK	 
USER	Basic Load Simulation	START	1633424770577
REQUEST		Get all games	1633424770578	1633424770583	OK	 
USER	Basic Load Simulation	START	1633424770783
REQUEST		Get all games	1633424770783	1633424770791	OK	 
USER	Basic Load Simulation	START	1633424770973
REQUEST		Get all games	1633424770974	1633424770986	OK	 
USER	Basic Load Simulation	START	1633424771180
REQUEST		Get all games	1633424771181	1633424771195	OK	 
USER	Basic Load Simulation	START	1633424771383
REQUEST		Get all games	1633424771386	1633424771406	OK	 
USER	Basic Load Simulation	START	1633424771571
REQUEST		Get all games	1633424771571	1633424771576	OK	 
USER	Basic Load Simulation	START	1633424771777
REQUEST		Get all games	1633424771779	1633424771793	OK	 
USER	Basic Load Simulation	START	1633424771983
REQUEST		Get all games	1633424771985	1633424772006	OK	 
USER	Basic Load Simulation	START	1633424772173
REQUEST		Get all games	1633424772174	1633424772198	OK	 
USER	Basic Load Simulation	START	1633424772377
REQUEST		Get all games	1633424772378	1633424772393	OK	 
USER	Basic Load Simulation	START	1633424772581
REQUEST		Get all games	1633424772582	1633424772587	OK	 
REQUEST		get specific game	1633424772709	1633424772722	OK	 
REQUEST		get specific game	1633424772709	1633424772723	OK	 
REQUEST		get specific game	1633424772709	1633424772732	OK	 
USER	Basic Load Simulation	START	1633424772771
REQUEST		Get all games	1633424772772	1633424772781	OK	 
REQUEST		get specific game	1633424772835	1633424772840	OK	 
USER	Basic Load Simulation	START	1633424772979
REQUEST		Get all games	1633424772980	1633424772994	OK	 
REQUEST		get specific game	1633424773057	1633424773068	OK	 
USER	Basic Load Simulation	START	1633424773183
REQUEST		Get all games	1633424773184	1633424773200	OK	 
REQUEST		get specific game	1633424773248	1633424773257	OK	 
USER	Basic Load Simulation	START	1633424773375
REQUEST		Get all games	1633424773376	1633424773391	OK	 
REQUEST		get specific game	1633424773405	1633424773412	OK	 
USER	Basic Load Simulation	START	1633424773581
REQUEST		Get all games	1633424773583	1633424773602	OK	 
REQUEST		get specific game	1633424773612	1633424773616	OK	 
USER	Basic Load Simulation	START	1633424773785
REQUEST		Get all games	1633424773786	1633424773810	OK	 
REQUEST		get specific game	1633424773802	1633424773819	OK	 
USER	Basic Load Simulation	START	1633424773974
REQUEST		Get all games	1633424773975	1633424773989	OK	 
REQUEST		get specific game	1633424774005	1633424774011	OK	 
USER	Basic Load Simulation	START	1633424774180
REQUEST		Get all games	1633424774181	1633424774205	OK	 
REQUEST		get specific game	1633424774228	1633424774236	OK	 
USER	Basic Load Simulation	START	1633424774372
REQUEST		Get all games	1633424774373	1633424774388	OK	 
REQUEST		get specific game	1633424774403	1633424774413	OK	 
USER	Basic Load Simulation	START	1633424774580
REQUEST		Get all games	1633424774580	1633424774591	OK	 
REQUEST		get specific game	1633424774612	1633424774616	OK	 
USER	Basic Load Simulation	START	1633424774785
REQUEST		Get all games	1633424774787	1633424774816	OK	 
REQUEST		get specific game	1633424774807	1633424774827	OK	 
USER	Basic Load Simulation	START	1633424774974
REQUEST		Get all games	1633424774975	1633424774984	OK	 
REQUEST		get specific game	1633424775007	1633424775014	OK	 
USER	Basic Load Simulation	START	1633424775182
REQUEST		Get all games	1633424775182	1633424775194	OK	 
REQUEST		get specific game	1633424775214	1633424775225	OK	 
USER	Basic Load Simulation	START	1633424775372
REQUEST		Get all games	1633424775373	1633424775393	OK	 
REQUEST		get specific game	1633424775403	1633424775408	OK	 
USER	Basic Load Simulation	START	1633424775577
REQUEST		Get all games	1633424775577	1633424775584	OK	 
REQUEST		get specific game	1633424775593	1633424775598	OK	 
USER	Basic Load Simulation	START	1633424775782
REQUEST		Get all games	1633424775782	1633424775790	OK	 
REQUEST		get specific game	1633424775798	1633424775801	OK	 
USER	Basic Load Simulation	START	1633424775974
REQUEST		Get all games	1633424775975	1633424775981	OK	 
REQUEST		get specific game	1633424775990	1633424776001	OK	 
USER	Basic Load Simulation	START	1633424776171
REQUEST		Get all games	1633424776171	1633424776181	OK	 
REQUEST		get specific game	1633424776214	1633424776219	OK	 
USER	Basic Load Simulation	START	1633424776370
REQUEST		Get all games	1633424776371	1633424776385	OK	 
REQUEST		get specific game	1633424776417	1633424776422	OK	 
USER	Basic Load Simulation	START	1633424776576
REQUEST		Get all games	1633424776577	1633424776589	OK	 
REQUEST		get specific game	1633424776592	1633424776608	OK	 
USER	Basic Load Simulation	START	1633424776778
REQUEST		Get all games	1633424776778	1633424776784	OK	 
REQUEST		get specific game	1633424776810	1633424776813	OK	 
USER	Basic Load Simulation	START	1633424776986
REQUEST		Get all games	1633424776988	1633424776998	OK	 
REQUEST		get specific game	1633424777016	1633424777022	OK	 
USER	Basic Load Simulation	START	1633424777175
REQUEST		Get all games	1633424777175	1633424777188	OK	 
REQUEST		get specific game	1633424777206	1633424777212	OK	 
USER	Basic Load Simulation	START	1633424777380
REQUEST		Get all games	1633424777381	1633424777393	OK	 
REQUEST		get specific game	1633424777396	1633424777405	OK	 
USER	Basic Load Simulation	START	1633424777585
REQUEST		Get all games	1633424777586	1633424777595	OK	 
REQUEST		get specific game	1633424777600	1633424777604	OK	 
REQUEST		Get all games	1633424777726	1633424777731	OK	 
REQUEST		Get all games	1633424777726	1633424777734	OK	 
USER	Basic Load Simulation	END	1633424777736
USER	Basic Load Simulation	END	1633424777736
REQUEST		Get all games	1633424777743	1633424777747	OK	 
USER	Basic Load Simulation	END	1633424777747
USER	Basic Load Simulation	START	1633424777774
REQUEST		Get all games	1633424777775	1633424777785	OK	 
REQUEST		get specific game	1633424777791	1633424777797	OK	 
REQUEST		Get all games	1633424777851	1633424777859	OK	 
USER	Basic Load Simulation	END	1633424777860
USER	Basic Load Simulation	START	1633424777977
REQUEST		Get all games	1633424777977	1633424777982	OK	 
REQUEST		get specific game	1633424778008	1633424778013	OK	 
REQUEST		Get all games	1633424778072	1633424778078	OK	 
USER	Basic Load Simulation	END	1633424778079
USER	Basic Load Simulation	START	1633424778181
REQUEST		Get all games	1633424778182	1633424778189	OK	 
REQUEST		get specific game	1633424778214	1633424778218	OK	 
REQUEST		Get all games	1633424778262	1633424778267	OK	 
USER	Basic Load Simulation	END	1633424778267
USER	Basic Load Simulation	START	1633424778373
REQUEST		Get all games	1633424778374	1633424778384	OK	 
REQUEST		get specific game	1633424778404	1633424778410	OK	 
REQUEST		Get all games	1633424778420	1633424778428	OK	 
USER	Basic Load Simulation	END	1633424778429
USER	Basic Load Simulation	START	1633424778576
REQUEST		Get all games	1633424778576	1633424778583	OK	 
REQUEST		get specific game	1633424778608	1633424778612	OK	 
REQUEST		Get all games	1633424778624	1633424778628	OK	 
USER	Basic Load Simulation	END	1633424778629
USER	Basic Load Simulation	START	1633424778780
REQUEST		Get all games	1633424778780	1633424778785	OK	 
REQUEST		Get all games	1633424778828	1633424778834	OK	 
REQUEST		get specific game	1633424778828	1633424778834	OK	 
USER	Basic Load Simulation	END	1633424778836
USER	Basic Load Simulation	START	1633424778985
REQUEST		Get all games	1633424778987	1633424779004	OK	 
REQUEST		get specific game	1633424779001	1633424779013	OK	 
REQUEST		Get all games	1633424779015	1633424779019	OK	 
USER	Basic Load Simulation	END	1633424779021
USER	Basic Load Simulation	START	1633424779172
REQUEST		Get all games	1633424779173	1633424779180	OK	 
REQUEST		get specific game	1633424779221	1633424779232	OK	 
REQUEST		Get all games	1633424779252	1633424779258	OK	 
USER	Basic Load Simulation	END	1633424779259
USER	Basic Load Simulation	START	1633424779379
REQUEST		Get all games	1633424779379	1633424779386	OK	 
REQUEST		get specific game	1633424779395	1633424779400	OK	 
REQUEST		Get all games	1633424779426	1633424779432	OK	 
USER	Basic Load Simulation	END	1633424779432
USER	Basic Load Simulation	START	1633424779585
REQUEST		Get all games	1633424779585	1633424779596	OK	 
REQUEST		get specific game	1633424779600	1633424779607	OK	 
REQUEST		Get all games	1633424779632	1633424779637	OK	 
USER	Basic Load Simulation	END	1633424779638
USER	Basic Load Simulation	START	1633424779772
REQUEST		Get all games	1633424779773	1633424779779	OK	 
REQUEST		get specific game	1633424779820	1633424779823	OK	 
REQUEST		Get all games	1633424779836	1633424779840	OK	 
USER	Basic Load Simulation	END	1633424779841
USER	Basic Load Simulation	START	1633424779980
REQUEST		Get all games	1633424779981	1633424779989	OK	 
REQUEST		get specific game	1633424779996	1633424780003	OK	 
REQUEST		Get all games	1633424780028	1633424780033	OK	 
USER	Basic Load Simulation	END	1633424780035
USER	Basic Load Simulation	START	1633424780171
REQUEST		Get all games	1633424780172	1633424780179	OK	 
REQUEST		get specific game	1633424780203	1633424780207	OK	 
REQUEST		Get all games	1633424780234	1633424780238	OK	 
USER	Basic Load Simulation	END	1633424780239
USER	Basic Load Simulation	START	1633424780379
REQUEST		Get all games	1633424780380	1633424780392	OK	 
REQUEST		get specific game	1633424780411	1633424780421	OK	 
REQUEST		Get all games	1633424780412	1633424780421	OK	 
USER	Basic Load Simulation	END	1633424780422
USER	Basic Load Simulation	START	1633424780586
REQUEST		Get all games	1633424780587	1633424780614	OK	 
REQUEST		get specific game	1633424780601	1633424780628	OK	 
REQUEST		Get all games	1633424780606	1633424780630	OK	 
USER	Basic Load Simulation	END	1633424780632
USER	Basic Load Simulation	START	1633424780773
REQUEST		Get all games	1633424780774	1633424780783	OK	 
REQUEST		get specific game	1633424780804	1633424780812	OK	 
REQUEST		Get all games	1633424780804	1633424780813	OK	 
USER	Basic Load Simulation	END	1633424780814
USER	Basic Load Simulation	START	1633424780977
REQUEST		Get all games	1633424780977	1633424780982	OK	 
REQUEST		get specific game	1633424780993	1633424780996	OK	 
REQUEST		Get all games	1633424781010	1633424781016	OK	 
USER	Basic Load Simulation	END	1633424781017
USER	Basic Load Simulation	START	1633424781183
REQUEST		Get all games	1633424781183	1633424781187	OK	 
REQUEST		get specific game	1633424781199	1633424781207	OK	 
REQUEST		Get all games	1633424781230	1633424781234	OK	 
USER	Basic Load Simulation	END	1633424781234
USER	Basic Load Simulation	START	1633424781373
REQUEST		Get all games	1633424781374	1633424781383	OK	 
REQUEST		get specific game	1633424781390	1633424781398	OK	 
REQUEST		Get all games	1633424781437	1633424781444	OK	 
USER	Basic Load Simulation	END	1633424781446
USER	Basic Load Simulation	START	1633424781579
REQUEST		Get all games	1633424781579	1633424781586	OK	 
REQUEST		get specific game	1633424781596	1633424781606	OK	 
REQUEST		Get all games	1633424781611	1633424781618	OK	 
USER	Basic Load Simulation	END	1633424781619
USER	Basic Load Simulation	START	1633424781784
REQUEST		Get all games	1633424781784	1633424781788	OK	 
REQUEST		get specific game	1633424781799	1633424781802	OK	 
REQUEST		Get all games	1633424781815	1633424781818	OK	 
USER	Basic Load Simulation	END	1633424781819
USER	Basic Load Simulation	START	1633424781975
REQUEST		Get all games	1633424781975	1633424781979	OK	 
REQUEST		get specific game	1633424782007	1633424782011	OK	 
REQUEST		Get all games	1633424782038	1633424782043	OK	 
USER	Basic Load Simulation	END	1633424782044
USER	Basic Load Simulation	START	1633424782181
REQUEST		Get all games	1633424782181	1633424782189	OK	 
REQUEST		get specific game	1633424782196	1633424782202	OK	 
REQUEST		Get all games	1633424782227	1633424782231	OK	 
USER	Basic Load Simulation	END	1633424782231
USER	Basic Load Simulation	START	1633424782371
REQUEST		Get all games	1633424782371	1633424782379	OK	 
REQUEST		get specific game	1633424782402	1633424782409	OK	 
REQUEST		Get all games	1633424782417	1633424782425	OK	 
USER	Basic Load Simulation	END	1633424782426
USER	Basic Load Simulation	START	1633424782575
REQUEST		Get all games	1633424782576	1633424782587	OK	 
REQUEST		get specific game	1633424782607	1633424782618	OK	 
REQUEST		Get all games	1633424782607	1633424782626	OK	 
USER	Basic Load Simulation	END	1633424782628
USER	Basic Load Simulation	START	1633424782781
REQUEST		Get all games	1633424782782	1633424782792	OK	 
REQUEST		get specific game	1633424782797	1633424782807	OK	 
REQUEST		Get all games	1633424782813	1633424782819	OK	 
USER	Basic Load Simulation	END	1633424782821
USER	Basic Load Simulation	START	1633424782970
REQUEST		Get all games	1633424782970	1633424782974	OK	 
REQUEST		get specific game	1633424782987	1633424782990	OK	 
REQUEST		Get all games	1633424783018	1633424783022	OK	 
USER	Basic Load Simulation	END	1633424783022
USER	Basic Load Simulation	START	1633424783176
REQUEST		Get all games	1633424783176	1633424783182	OK	 
REQUEST		get specific game	1633424783192	1633424783196	OK	 
REQUEST		Get all games	1633424783224	1633424783228	OK	 
USER	Basic Load Simulation	END	1633424783228
USER	Basic Load Simulation	START	1633424783382
REQUEST		Get all games	1633424783382	1633424783386	OK	 
REQUEST		get specific game	1633424783398	1633424783402	OK	 
REQUEST		Get all games	1633424783415	1633424783418	OK	 
USER	Basic Load Simulation	END	1633424783419
USER	Basic Load Simulation	START	1633424783576
REQUEST		Get all games	1633424783577	1633424783587	OK	 
REQUEST		get specific game	1633424783591	1633424783597	OK	 
REQUEST		Get all games	1633424783621	1633424783625	OK	 
USER	Basic Load Simulation	END	1633424783625
USER	Basic Load Simulation	START	1633424783780
REQUEST		Get all games	1633424783780	1633424783789	OK	 
REQUEST		get specific game	1633424783796	1633424783804	OK	 
REQUEST		Get all games	1633424783843	1633424783850	OK	 
USER	Basic Load Simulation	END	1633424783852
USER	Basic Load Simulation	START	1633424783985
REQUEST		Get all games	1633424783985	1633424783990	OK	 
REQUEST		Get all games	1633424784016	1633424784020	OK	 
REQUEST		get specific game	1633424784016	1633424784020	OK	 
USER	Basic Load Simulation	END	1633424784020
USER	Basic Load Simulation	START	1633424784178
REQUEST		Get all games	1633424784179	1633424784189	OK	 
REQUEST		get specific game	1633424784192	1633424784198	OK	 
REQUEST		Get all games	1633424784239	1633424784243	OK	 
USER	Basic Load Simulation	END	1633424784243
USER	Basic Load Simulation	START	1633424784382
REQUEST		Get all games	1633424784382	1633424784395	OK	 
REQUEST		get specific game	1633424784398	1633424784406	OK	 
REQUEST		Get all games	1633424784411	1633424784415	OK	 
USER	Basic Load Simulation	END	1633424784416
USER	Basic Load Simulation	START	1633424784584
REQUEST		Get all games	1633424784585	1633424784596	OK	 
REQUEST		get specific game	1633424784600	1633424784609	OK	 
REQUEST		Get all games	1633424784615	1633424784621	OK	 
USER	Basic Load Simulation	END	1633424784622
USER	Basic Load Simulation	START	1633424784774
REQUEST		Get all games	1633424784774	1633424784783	OK	 
REQUEST		get specific game	1633424784789	1633424784799	OK	 
REQUEST		Get all games	1633424784835	1633424784841	OK	 
USER	Basic Load Simulation	END	1633424784842
USER	Basic Load Simulation	START	1633424784976
REQUEST		Get all games	1633424784976	1633424784982	OK	 
REQUEST		get specific game	1633424784992	1633424784996	OK	 
REQUEST		Get all games	1633424785007	1633424785011	OK	 
USER	Basic Load Simulation	END	1633424785012
USER	Basic Load Simulation	START	1633424785183
REQUEST		get specific game	1633424785183	1633424785188	OK	 
REQUEST		Get all games	1633424785183	1633424785190	OK	 
REQUEST		Get all games	1633424785214	1633424785221	OK	 
USER	Basic Load Simulation	END	1633424785222
USER	Basic Load Simulation	START	1633424785372
REQUEST		Get all games	1633424785372	1633424785381	OK	 
REQUEST		get specific game	1633424785404	1633424785410	OK	 
REQUEST		Get all games	1633424785435	1633424785444	OK	 
USER	Basic Load Simulation	END	1633424785446
USER	Basic Load Simulation	START	1633424785577
REQUEST		Get all games	1633424785578	1633424785584	OK	 
REQUEST		get specific game	1633424785625	1633424785629	OK	 
REQUEST		Get all games	1633424785641	1633424785650	OK	 
USER	Basic Load Simulation	END	1633424785652
USER	Basic Load Simulation	START	1633424785782
REQUEST		Get all games	1633424785782	1633424785789	OK	 
REQUEST		get specific game	1633424785798	1633424785803	OK	 
REQUEST		Get all games	1633424785814	1633424785820	OK	 
USER	Basic Load Simulation	END	1633424785821
USER	Basic Load Simulation	START	1633424785971
REQUEST		Get all games	1633424785972	1633424785977	OK	 
REQUEST		get specific game	1633424785987	1633424785991	OK	 
REQUEST		Get all games	1633424786002	1633424786005	OK	 
USER	Basic Load Simulation	END	1633424786006
USER	Basic Load Simulation	START	1633424786176
REQUEST		Get all games	1633424786177	1633424786195	OK	 
REQUEST		get specific game	1633424786192	1633424786205	OK	 
REQUEST		Get all games	1633424786221	1633424786225	OK	 
USER	Basic Load Simulation	END	1633424786226
USER	Basic Load Simulation	START	1633424786378
REQUEST		Get all games	1633424786378	1633424786385	OK	 
REQUEST		get specific game	1633424786394	1633424786402	OK	 
REQUEST		Get all games	1633424786410	1633424786416	OK	 
USER	Basic Load Simulation	END	1633424786417
USER	Basic Load Simulation	START	1633424786584
REQUEST		Get all games	1633424786585	1633424786594	OK	 
REQUEST		get specific game	1633424786600	1633424786607	OK	 
REQUEST		Get all games	1633424786616	1633424786626	OK	 
USER	Basic Load Simulation	END	1633424786628
USER	Basic Load Simulation	START	1633424786773
REQUEST		Get all games	1633424786773	1633424786777	OK	 
REQUEST		get specific game	1633424786804	1633424786808	OK	 
REQUEST		Get all games	1633424786804	1633424786810	OK	 
USER	Basic Load Simulation	END	1633424786811
USER	Basic Load Simulation	START	1633424786994
REQUEST		get specific game	1633424786994	1633424787002	OK	 
REQUEST		Get all games	1633424786995	1633424787007	OK	 
REQUEST		Get all games	1633424787025	1633424787030	OK	 
USER	Basic Load Simulation	END	1633424787031
REQUEST		get specific game	1633424787199	1633424787206	OK	 
REQUEST		Get all games	1633424787215	1633424787222	OK	 
USER	Basic Load Simulation	END	1633424787223
REQUEST		get specific game	1633424787386	1633424787388	OK	 
REQUEST		Get all games	1633424787419	1633424787423	OK	 
USER	Basic Load Simulation	END	1633424787424
REQUEST		get specific game	1633424787594	1633424787602	OK	 
REQUEST		Get all games	1633424787624	1633424787628	OK	 
USER	Basic Load Simulation	END	1633424787629
REQUEST		get specific game	1633424787798	1633424787806	OK	 
REQUEST		Get all games	1633424787814	1633424787823	OK	 
USER	Basic Load Simulation	END	1633424787824
REQUEST		get specific game	1633424787987	1633424787994	OK	 
REQUEST		Get all games	1633424788002	1633424788008	OK	 
USER	Basic Load Simulation	END	1633424788009
REQUEST		get specific game	1633424788189	1633424788192	OK	 
REQUEST		Get all games	1633424788205	1633424788208	OK	 
USER	Basic Load Simulation	END	1633424788209
REQUEST		get specific game	1633424788393	1633424788396	OK	 
REQUEST		Get all games	1633424788409	1633424788413	OK	 
USER	Basic Load Simulation	END	1633424788413
REQUEST		get specific game	1633424788599	1633424788606	OK	 
REQUEST		Get all games	1633424788599	1633424788606	OK	 
USER	Basic Load Simulation	END	1633424788607
REQUEST		get specific game	1633424788803	1633424788806	OK	 
REQUEST		Get all games	1633424788820	1633424788823	OK	 
USER	Basic Load Simulation	END	1633424788824
REQUEST		get specific game	1633424788995	1633424789002	OK	 
REQUEST		Get all games	1633424789026	1633424789033	OK	 
USER	Basic Load Simulation	END	1633424789035
REQUEST		get specific game	1633424789197	1633424789200	OK	 
REQUEST		Get all games	1633424789214	1633424789217	OK	 
USER	Basic Load Simulation	END	1633424789217
REQUEST		get specific game	1633424789405	1633424789413	OK	 
REQUEST		Get all games	1633424789421	1633424789425	OK	 
USER	Basic Load Simulation	END	1633424789425
REQUEST		Get all games	1633424789612	1633424789625	OK	 
USER	Basic Load Simulation	END	1633424789626
REQUEST		get specific game	1633424789612	1633424789635	OK	 
REQUEST		get specific game	1633424789800	1633424789804	OK	 
REQUEST		Get all games	1633424789800	1633424789804	OK	 
USER	Basic Load Simulation	END	1633424789805
REQUEST		get specific game	1633424789991	1633424789999	OK	 
REQUEST		Get all games	1633424790007	1633424790015	OK	 
USER	Basic Load Simulation	END	1633424790016
REQUEST		Get all games	1633424790196	1633424790206	OK	 
USER	Basic Load Simulation	END	1633424790207
REQUEST		get specific game	1633424790195	1633424790214	OK	 
REQUEST		get specific game	1633424790385	1633424790395	OK	 
REQUEST		Get all games	1633424790417	1633424790423	OK	 
USER	Basic Load Simulation	END	1633424790423
REQUEST		get specific game	1633424790592	1633424790599	OK	 
REQUEST		Get all games	1633424790639	1633424790645	OK	 
USER	Basic Load Simulation	END	1633424790647
REQUEST		get specific game	1633424790795	1633424790802	OK	 
REQUEST		Get all games	1633424790810	1633424790816	OK	 
USER	Basic Load Simulation	END	1633424790817
REQUEST		get specific game	1633424790983	1633424790990	OK	 
REQUEST		Get all games	1633424790999	1633424791004	OK	 
USER	Basic Load Simulation	END	1633424791006
REQUEST		get specific game	1633424791202	1633424791209	OK	 
REQUEST		Get all games	1633424791217	1633424791223	OK	 
USER	Basic Load Simulation	END	1633424791224
REQUEST		get specific game	1633424791392	1633424791398	OK	 
REQUEST		Get all games	1633424791408	1633424791420	OK	 
USER	Basic Load Simulation	END	1633424791421
REQUEST		get specific game	1633424791598	1633424791604	OK	 
REQUEST		Get all games	1633424791614	1633424791622	OK	 
USER	Basic Load Simulation	END	1633424791624
REQUEST		get specific game	1633424791785	1633424791792	OK	 
REQUEST		Get all games	1633424791817	1633424791864	OK	 
USER	Basic Load Simulation	END	1633424791865
REQUEST		Get all games	1633424792006	1633424792012	OK	 
USER	Basic Load Simulation	END	1633424792014
REQUEST		get specific game	1633424792022	1633424792029	OK	 
REQUEST		Get all games	1633424792211	1633424792216	OK	 
USER	Basic Load Simulation	END	1633424792217
REQUEST		Get all games	1633424792401	1633424792403	OK	 
USER	Basic Load Simulation	END	1633424792404
REQUEST		Get all games	1633424792608	1633424792616	OK	 
USER	Basic Load Simulation	END	1633424792617
REQUEST		Get all games	1633424792813	1633424792819	OK	 
USER	Basic Load Simulation	END	1633424792820
REQUEST		Get all games	1633424793002	1633424793009	OK	 
USER	Basic Load Simulation	END	1633424793010
REQUEST		Get all games	1633424793209	1633424793214	OK	 
USER	Basic Load Simulation	END	1633424793216
REQUEST		Get all games	1633424793398	1633424793401	OK	 
USER	Basic Load Simulation	END	1633424793401
REQUEST		Get all games	1633424793607	1633424793611	OK	 
USER	Basic Load Simulation	END	1633424793612
REQUEST		Get all games	1633424793813	1633424793820	OK	 
USER	Basic Load Simulation	END	1633424793821
REQUEST		Get all games	1633424794017	1633424794026	OK	 
USER	Basic Load Simulation	END	1633424794028
REQUEST		Get all games	1633424794205	1633424794208	OK	 
USER	Basic Load Simulation	END	1633424794209
REQUEST		Get all games	1633424794426	1633424794431	OK	 
USER	Basic Load Simulation	END	1633424794431
REQUEST		Get all games	1633424794648	1633424794654	OK	 
USER	Basic Load Simulation	END	1633424794655
REQUEST		Get all games	1633424794807	1633424794811	OK	 
USER	Basic Load Simulation	END	1633424794811
REQUEST		Get all games	1633424795011	1633424795014	OK	 
USER	Basic Load Simulation	END	1633424795015
REQUEST		Get all games	1633424795231	1633424795237	OK	 
USER	Basic Load Simulation	END	1633424795238
REQUEST		Get all games	1633424795404	1633424795410	OK	 
USER	Basic Load Simulation	END	1633424795411
REQUEST		Get all games	1633424795610	1633424795615	OK	 
USER	Basic Load Simulation	END	1633424795616
REQUEST		Get all games	1633424795815	1633424795822	OK	 
USER	Basic Load Simulation	END	1633424795823
REQUEST		Get all games	1633424796004	1633424796012	OK	 
USER	Basic Load Simulation	END	1633424796013
REQUEST		Get all games	1633424796226	1633424796231	OK	 
USER	Basic Load Simulation	END	1633424796232
REQUEST		Get all games	1633424796415	1633424796422	OK	 
USER	Basic Load Simulation	END	1633424796423
REQUEST		Get all games	1633424796619	1633424796621	OK	 
USER	Basic Load Simulation	END	1633424796622
REQUEST		Get all games	1633424796795	1633424796801	OK	 
USER	Basic Load Simulation	END	1633424796802
REQUEST		Get all games	1633424797033	1633424797035	OK	 
USER	Basic Load Simulation	END	1633424797035
