RUN	simulations.RampUsersSimulation	rampuserssimulation	1631777587757	 	3.6.1
USER	Basic Load Simulation	START	1631777594605
USER	Basic Load Simulation	START	1631777594997
USER	Basic Load Simulation	START	1631777594795
USER	Basic Load Simulation	START	1631777595200
REQUEST		Get all games	1631777594796	1631777595236	OK	 
REQUEST		Get all games	1631777595201	1631777595233	OK	 
REQUEST		Get all games	1631777594639	1631777595233	OK	 
REQUEST		Get all games	1631777594998	1631777595270	OK	 
USER	Basic Load Simulation	START	1631777595396
REQUEST		Get all games	1631777595396	1631777595403	OK	 
USER	Basic Load Simulation	START	1631777595595
REQUEST		Get all games	1631777595596	1631777595603	OK	 
USER	Basic Load Simulation	START	1631777595796
REQUEST		Get all games	1631777595797	1631777595803	OK	 
USER	Basic Load Simulation	START	1631777595997
REQUEST		Get all games	1631777595998	1631777596003	OK	 
USER	Basic Load Simulation	START	1631777596199
REQUEST		Get all games	1631777596200	1631777596205	OK	 
USER	Basic Load Simulation	START	1631777596384
REQUEST		Get all games	1631777596385	1631777596390	OK	 
USER	Basic Load Simulation	START	1631777596594
REQUEST		Get all games	1631777596595	1631777596601	OK	 
USER	Basic Load Simulation	START	1631777596793
REQUEST		Get all games	1631777596794	1631777596799	OK	 
USER	Basic Load Simulation	START	1631777596997
REQUEST		Get all games	1631777596998	1631777597003	OK	 
USER	Basic Load Simulation	START	1631777597188
REQUEST		Get all games	1631777597188	1631777597198	OK	 
USER	Basic Load Simulation	START	1631777597391
REQUEST		Get all games	1631777597392	1631777597398	OK	 
USER	Basic Load Simulation	START	1631777597596
REQUEST		Get all games	1631777597597	1631777597610	OK	 
USER	Basic Load Simulation	START	1631777597800
REQUEST		Get all games	1631777597801	1631777597806	OK	 
USER	Basic Load Simulation	START	1631777598003
REQUEST		Get all games	1631777598003	1631777598011	OK	 
USER	Basic Load Simulation	START	1631777598190
REQUEST		Get all games	1631777598191	1631777598197	OK	 
USER	Basic Load Simulation	START	1631777598396
REQUEST		Get all games	1631777598396	1631777598401	OK	 
USER	Basic Load Simulation	START	1631777598599
REQUEST		Get all games	1631777598599	1631777598609	OK	 
USER	Basic Load Simulation	START	1631777598789
REQUEST		Get all games	1631777598789	1631777598796	OK	 
USER	Basic Load Simulation	START	1631777598995
REQUEST		Get all games	1631777598995	1631777599001	OK	 
USER	Basic Load Simulation	START	1631777599202
REQUEST		Get all games	1631777599204	1631777599220	OK	 
USER	Basic Load Simulation	START	1631777599399
REQUEST		Get all games	1631777599399	1631777599404	OK	 
USER	Basic Load Simulation	START	1631777599603
REQUEST		Get all games	1631777599603	1631777599616	OK	 
USER	Basic Load Simulation	START	1631777599787
REQUEST		Get all games	1631777599788	1631777599796	OK	 
USER	Basic Load Simulation	START	1631777599988
REQUEST		Get all games	1631777599989	1631777599997	OK	 
USER	Basic Load Simulation	START	1631777600196
REQUEST		Get all games	1631777600197	1631777600202	OK	 
REQUEST		get specific game	1631777600274	1631777600281	OK	 
REQUEST		get specific game	1631777600275	1631777600282	OK	 
REQUEST		get specific game	1631777600289	1631777600296	OK	 
REQUEST		get specific game	1631777600290	1631777600296	OK	 
USER	Basic Load Simulation	START	1631777600400
REQUEST		Get all games	1631777600401	1631777600410	OK	 
REQUEST		get specific game	1631777600416	1631777600419	OK	 
USER	Basic Load Simulation	START	1631777600602
REQUEST		Get all games	1631777600603	1631777600609	OK	 
REQUEST		get specific game	1631777600619	1631777600623	OK	 
USER	Basic Load Simulation	START	1631777600790
REQUEST		Get all games	1631777600790	1631777600796	OK	 
REQUEST		get specific game	1631777600807	1631777600814	OK	 
USER	Basic Load Simulation	START	1631777600994
REQUEST		Get all games	1631777600994	1631777601000	OK	 
REQUEST		get specific game	1631777601011	1631777601020	OK	 
USER	Basic Load Simulation	START	1631777601198
REQUEST		Get all games	1631777601198	1631777601203	OK	 
REQUEST		get specific game	1631777601213	1631777601217	OK	 
USER	Basic Load Simulation	START	1631777601399
REQUEST		get specific game	1631777601399	1631777601403	OK	 
REQUEST		Get all games	1631777601399	1631777601404	OK	 
USER	Basic Load Simulation	START	1631777601586
REQUEST		Get all games	1631777601587	1631777601591	OK	 
REQUEST		get specific game	1631777601603	1631777601606	OK	 
USER	Basic Load Simulation	START	1631777601790
REQUEST		Get all games	1631777601792	1631777601799	OK	 
REQUEST		get specific game	1631777601805	1631777601809	OK	 
USER	Basic Load Simulation	START	1631777601996
REQUEST		Get all games	1631777601996	1631777602003	OK	 
REQUEST		get specific game	1631777602013	1631777602018	OK	 
USER	Basic Load Simulation	START	1631777602195
REQUEST		Get all games	1631777602196	1631777602203	OK	 
REQUEST		get specific game	1631777602211	1631777602218	OK	 
USER	Basic Load Simulation	START	1631777602398
REQUEST		Get all games	1631777602398	1631777602406	OK	 
REQUEST		get specific game	1631777602413	1631777602421	OK	 
USER	Basic Load Simulation	START	1631777602587
REQUEST		Get all games	1631777602587	1631777602591	OK	 
REQUEST		get specific game	1631777602619	1631777602622	OK	 
USER	Basic Load Simulation	START	1631777602791
REQUEST		Get all games	1631777602792	1631777602798	OK	 
REQUEST		get specific game	1631777602822	1631777602827	OK	 
USER	Basic Load Simulation	START	1631777602995
REQUEST		Get all games	1631777602995	1631777603000	OK	 
REQUEST		get specific game	1631777603027	1631777603034	OK	 
USER	Basic Load Simulation	START	1631777603185
REQUEST		Get all games	1631777603185	1631777603190	OK	 
REQUEST		get specific game	1631777603201	1631777603205	OK	 
USER	Basic Load Simulation	START	1631777603387
REQUEST		Get all games	1631777603387	1631777603392	OK	 
REQUEST		get specific game	1631777603418	1631777603421	OK	 
USER	Basic Load Simulation	START	1631777603596
REQUEST		Get all games	1631777603597	1631777603609	OK	 
REQUEST		get specific game	1631777603625	1631777603631	OK	 
USER	Basic Load Simulation	START	1631777603794
REQUEST		Get all games	1631777603795	1631777603800	OK	 
REQUEST		get specific game	1631777603809	1631777603815	OK	 
USER	Basic Load Simulation	START	1631777603997
REQUEST		Get all games	1631777603997	1631777604003	OK	 
REQUEST		get specific game	1631777604012	1631777604018	OK	 
USER	Basic Load Simulation	START	1631777604197
REQUEST		Get all games	1631777604198	1631777604202	OK	 
REQUEST		get specific game	1631777604230	1631777604234	OK	 
USER	Basic Load Simulation	START	1631777604400
REQUEST		Get all games	1631777604400	1631777604405	OK	 
REQUEST		get specific game	1631777604416	1631777604418	OK	 
USER	Basic Load Simulation	START	1631777604604
REQUEST		Get all games	1631777604605	1631777604612	OK	 
REQUEST		get specific game	1631777604620	1631777604623	OK	 
USER	Basic Load Simulation	START	1631777604794
REQUEST		Get all games	1631777604794	1631777604801	OK	 
REQUEST		get specific game	1631777604809	1631777604814	OK	 
USER	Basic Load Simulation	START	1631777604997
REQUEST		Get all games	1631777604998	1631777605002	OK	 
REQUEST		get specific game	1631777605013	1631777605017	OK	 
USER	Basic Load Simulation	START	1631777605188
REQUEST		Get all games	1631777605189	1631777605198	OK	 
REQUEST		get specific game	1631777605219	1631777605225	OK	 
REQUEST		Get all games	1631777605296	1631777605306	OK	 
REQUEST		Get all games	1631777605300	1631777605316	OK	 
REQUEST		Get all games	1631777605313	1631777605331	OK	 
USER	Basic Load Simulation	END	1631777605312
USER	Basic Load Simulation	END	1631777605317
USER	Basic Load Simulation	END	1631777605332
REQUEST		Get all games	1631777605314	1631777605347	OK	 
USER	Basic Load Simulation	END	1631777605347
USER	Basic Load Simulation	START	1631777605390
REQUEST		Get all games	1631777605390	1631777605397	OK	 
REQUEST		get specific game	1631777605421	1631777605425	OK	 
REQUEST		Get all games	1631777605421	1631777605428	OK	 
USER	Basic Load Simulation	END	1631777605429
USER	Basic Load Simulation	START	1631777605592
REQUEST		Get all games	1631777605592	1631777605598	OK	 
REQUEST		get specific game	1631777605624	1631777605627	OK	 
REQUEST		Get all games	1631777605639	1631777605643	OK	 
USER	Basic Load Simulation	END	1631777605644
USER	Basic Load Simulation	START	1631777605794
REQUEST		Get all games	1631777605794	1631777605800	OK	 
REQUEST		get specific game	1631777605809	1631777605817	OK	 
REQUEST		Get all games	1631777605825	1631777605830	OK	 
USER	Basic Load Simulation	END	1631777605830
USER	Basic Load Simulation	START	1631777605994
REQUEST		Get all games	1631777605994	1631777605999	OK	 
REQUEST		get specific game	1631777606010	1631777606013	OK	 
REQUEST		Get all games	1631777606025	1631777606028	OK	 
USER	Basic Load Simulation	END	1631777606029
USER	Basic Load Simulation	START	1631777606196
REQUEST		Get all games	1631777606197	1631777606200	OK	 
REQUEST		get specific game	1631777606212	1631777606214	OK	 
REQUEST		Get all games	1631777606228	1631777606231	OK	 
USER	Basic Load Simulation	END	1631777606232
USER	Basic Load Simulation	START	1631777606387
REQUEST		Get all games	1631777606387	1631777606396	OK	 
REQUEST		get specific game	1631777606417	1631777606421	OK	 
REQUEST		Get all games	1631777606417	1631777606421	OK	 
USER	Basic Load Simulation	END	1631777606422
USER	Basic Load Simulation	START	1631777606588
REQUEST		Get all games	1631777606589	1631777606595	OK	 
REQUEST		get specific game	1631777606604	1631777606607	OK	 
REQUEST		Get all games	1631777606620	1631777606624	OK	 
USER	Basic Load Simulation	END	1631777606625
USER	Basic Load Simulation	START	1631777606793
REQUEST		Get all games	1631777606793	1631777606799	OK	 
REQUEST		get specific game	1631777606810	1631777606813	OK	 
REQUEST		Get all games	1631777606825	1631777606831	OK	 
USER	Basic Load Simulation	END	1631777606832
USER	Basic Load Simulation	START	1631777606996
REQUEST		Get all games	1631777606997	1631777607003	OK	 
REQUEST		get specific game	1631777607011	1631777607014	OK	 
REQUEST		Get all games	1631777607026	1631777607030	OK	 
USER	Basic Load Simulation	END	1631777607031
USER	Basic Load Simulation	START	1631777607199
REQUEST		Get all games	1631777607199	1631777607203	OK	 
REQUEST		get specific game	1631777607215	1631777607217	OK	 
REQUEST		Get all games	1631777607231	1631777607234	OK	 
USER	Basic Load Simulation	END	1631777607235
USER	Basic Load Simulation	START	1631777607387
REQUEST		Get all games	1631777607387	1631777607391	OK	 
REQUEST		get specific game	1631777607418	1631777607422	OK	 
REQUEST		Get all games	1631777607434	1631777607438	OK	 
USER	Basic Load Simulation	END	1631777607438
USER	Basic Load Simulation	START	1631777607592
REQUEST		Get all games	1631777607592	1631777607597	OK	 
REQUEST		get specific game	1631777607607	1631777607610	OK	 
REQUEST		Get all games	1631777607638	1631777607641	OK	 
USER	Basic Load Simulation	END	1631777607642
USER	Basic Load Simulation	START	1631777607793
REQUEST		Get all games	1631777607794	1631777607799	OK	 
REQUEST		get specific game	1631777607809	1631777607813	OK	 
REQUEST		Get all games	1631777607839	1631777607845	OK	 
USER	Basic Load Simulation	END	1631777607846
USER	Basic Load Simulation	START	1631777607994
REQUEST		Get all games	1631777607994	1631777607999	OK	 
REQUEST		get specific game	1631777608010	1631777608014	OK	 
REQUEST		Get all games	1631777608042	1631777608045	OK	 
USER	Basic Load Simulation	END	1631777608046
USER	Basic Load Simulation	START	1631777608198
REQUEST		Get all games	1631777608198	1631777608203	OK	 
REQUEST		get specific game	1631777608198	1631777608203	OK	 
REQUEST		Get all games	1631777608213	1631777608217	OK	 
USER	Basic Load Simulation	END	1631777608217
USER	Basic Load Simulation	START	1631777608400
REQUEST		get specific game	1631777608399	1631777608406	OK	 
REQUEST		Get all games	1631777608400	1631777608411	OK	 
REQUEST		Get all games	1631777608432	1631777608435	OK	 
USER	Basic Load Simulation	END	1631777608435
USER	Basic Load Simulation	START	1631777608587
REQUEST		Get all games	1631777608588	1631777608592	OK	 
REQUEST		get specific game	1631777608619	1631777608622	OK	 
REQUEST		Get all games	1631777608636	1631777608639	OK	 
USER	Basic Load Simulation	END	1631777608640
USER	Basic Load Simulation	START	1631777608793
REQUEST		Get all games	1631777608793	1631777608800	OK	 
REQUEST		get specific game	1631777608809	1631777608813	OK	 
REQUEST		Get all games	1631777608825	1631777608828	OK	 
USER	Basic Load Simulation	END	1631777608829
USER	Basic Load Simulation	START	1631777608999
REQUEST		Get all games	1631777608999	1631777609004	OK	 
REQUEST		get specific game	1631777609015	1631777609017	OK	 
REQUEST		Get all games	1631777609030	1631777609033	OK	 
USER	Basic Load Simulation	END	1631777609034
USER	Basic Load Simulation	START	1631777609185
REQUEST		Get all games	1631777609185	1631777609188	OK	 
REQUEST		get specific game	1631777609216	1631777609218	OK	 
REQUEST		Get all games	1631777609247	1631777609251	OK	 
USER	Basic Load Simulation	END	1631777609252
USER	Basic Load Simulation	START	1631777609389
REQUEST		Get all games	1631777609389	1631777609394	OK	 
REQUEST		get specific game	1631777609421	1631777609424	OK	 
REQUEST		Get all games	1631777609421	1631777609425	OK	 
USER	Basic Load Simulation	END	1631777609425
USER	Basic Load Simulation	START	1631777609593
REQUEST		Get all games	1631777609594	1631777609599	OK	 
REQUEST		Get all games	1631777609625	1631777609629	OK	 
REQUEST		get specific game	1631777609625	1631777609629	OK	 
USER	Basic Load Simulation	END	1631777609629
USER	Basic Load Simulation	START	1631777609783
REQUEST		Get all games	1631777609784	1631777609788	OK	 
REQUEST		Get all games	1631777609816	1631777609819	OK	 
USER	Basic Load Simulation	END	1631777609819
REQUEST		get specific game	1631777609816	1631777609821	OK	 
USER	Basic Load Simulation	START	1631777609987
REQUEST		Get all games	1631777609987	1631777609993	OK	 
REQUEST		get specific game	1631777610018	1631777610023	OK	 
REQUEST		Get all games	1631777610018	1631777610023	OK	 
USER	Basic Load Simulation	END	1631777610024
USER	Basic Load Simulation	START	1631777610190
REQUEST		Get all games	1631777610190	1631777610195	OK	 
REQUEST		get specific game	1631777610206	1631777610209	OK	 
REQUEST		Get all games	1631777610236	1631777610239	OK	 
USER	Basic Load Simulation	END	1631777610240
USER	Basic Load Simulation	START	1631777610395
REQUEST		Get all games	1631777610395	1631777610400	OK	 
REQUEST		get specific game	1631777610410	1631777610413	OK	 
REQUEST		Get all games	1631777610426	1631777610430	OK	 
USER	Basic Load Simulation	END	1631777610431
USER	Basic Load Simulation	START	1631777610600
REQUEST		get specific game	1631777610600	1631777610615	OK	 
REQUEST		Get all games	1631777610601	1631777610616	OK	 
REQUEST		Get all games	1631777610632	1631777610635	OK	 
USER	Basic Load Simulation	END	1631777610635
USER	Basic Load Simulation	START	1631777610789
REQUEST		Get all games	1631777610789	1631777610794	OK	 
REQUEST		get specific game	1631777610805	1631777610807	OK	 
REQUEST		Get all games	1631777610820	1631777610823	OK	 
USER	Basic Load Simulation	END	1631777610824
USER	Basic Load Simulation	START	1631777610991
REQUEST		Get all games	1631777610992	1631777610997	OK	 
REQUEST		get specific game	1631777611007	1631777611011	OK	 
REQUEST		Get all games	1631777611022	1631777611026	OK	 
USER	Basic Load Simulation	END	1631777611026
USER	Basic Load Simulation	START	1631777611197
REQUEST		Get all games	1631777611197	1631777611205	OK	 
REQUEST		get specific game	1631777611212	1631777611215	OK	 
REQUEST		Get all games	1631777611227	1631777611233	OK	 
USER	Basic Load Simulation	END	1631777611234
USER	Basic Load Simulation	START	1631777611401
REQUEST		get specific game	1631777611401	1631777611405	OK	 
REQUEST		Get all games	1631777611401	1631777611406	OK	 
REQUEST		Get all games	1631777611433	1631777611435	OK	 
USER	Basic Load Simulation	END	1631777611436
USER	Basic Load Simulation	START	1631777611590
REQUEST		Get all games	1631777611590	1631777611595	OK	 
REQUEST		get specific game	1631777611606	1631777611608	OK	 
REQUEST		Get all games	1631777611621	1631777611624	OK	 
USER	Basic Load Simulation	END	1631777611625
USER	Basic Load Simulation	START	1631777611791
REQUEST		Get all games	1631777611791	1631777611796	OK	 
REQUEST		get specific game	1631777611806	1631777611811	OK	 
REQUEST		Get all games	1631777611822	1631777611825	OK	 
USER	Basic Load Simulation	END	1631777611826
USER	Basic Load Simulation	START	1631777611991
REQUEST		Get all games	1631777611992	1631777611996	OK	 
REQUEST		get specific game	1631777612007	1631777612011	OK	 
REQUEST		Get all games	1631777612022	1631777612025	OK	 
USER	Basic Load Simulation	END	1631777612026
USER	Basic Load Simulation	START	1631777612194
REQUEST		Get all games	1631777612194	1631777612200	OK	 
REQUEST		get specific game	1631777612210	1631777612214	OK	 
REQUEST		Get all games	1631777612226	1631777612231	OK	 
USER	Basic Load Simulation	END	1631777612232
USER	Basic Load Simulation	START	1631777612395
REQUEST		get specific game	1631777612395	1631777612399	OK	 
REQUEST		Get all games	1631777612395	1631777612402	OK	 
REQUEST		Get all games	1631777612426	1631777612429	OK	 
USER	Basic Load Simulation	END	1631777612430
USER	Basic Load Simulation	START	1631777612596
REQUEST		Get all games	1631777612596	1631777612600	OK	 
REQUEST		Get all games	1631777612612	1631777612615	OK	 
REQUEST		get specific game	1631777612612	1631777612615	OK	 
USER	Basic Load Simulation	END	1631777612616
USER	Basic Load Simulation	START	1631777612785
REQUEST		Get all games	1631777612785	1631777612788	OK	 
REQUEST		get specific game	1631777612801	1631777612804	OK	 
REQUEST		Get all games	1631777612817	1631777612819	OK	 
USER	Basic Load Simulation	END	1631777612820
USER	Basic Load Simulation	START	1631777612988
REQUEST		Get all games	1631777612988	1631777612996	OK	 
REQUEST		get specific game	1631777613003	1631777613008	OK	 
REQUEST		Get all games	1631777613018	1631777613022	OK	 
USER	Basic Load Simulation	END	1631777613022
USER	Basic Load Simulation	START	1631777613190
REQUEST		Get all games	1631777613190	1631777613194	OK	 
REQUEST		Get all games	1631777613205	1631777613208	OK	 
REQUEST		get specific game	1631777613205	1631777613208	OK	 
USER	Basic Load Simulation	END	1631777613209
USER	Basic Load Simulation	START	1631777613390
REQUEST		Get all games	1631777613390	1631777613395	OK	 
REQUEST		Get all games	1631777613421	1631777613424	OK	 
REQUEST		get specific game	1631777613421	1631777613424	OK	 
USER	Basic Load Simulation	END	1631777613424
USER	Basic Load Simulation	START	1631777613594
REQUEST		Get all games	1631777613595	1631777613605	OK	 
REQUEST		get specific game	1631777613608	1631777613614	OK	 
REQUEST		Get all games	1631777613638	1631777613643	OK	 
USER	Basic Load Simulation	END	1631777613644
USER	Basic Load Simulation	START	1631777613797
REQUEST		Get all games	1631777613797	1631777613802	OK	 
REQUEST		get specific game	1631777613812	1631777613816	OK	 
REQUEST		Get all games	1631777613827	1631777613831	OK	 
USER	Basic Load Simulation	END	1631777613831
USER	Basic Load Simulation	START	1631777613998
REQUEST		Get all games	1631777613998	1631777614003	OK	 
REQUEST		get specific game	1631777614013	1631777614016	OK	 
REQUEST		Get all games	1631777614028	1631777614033	OK	 
USER	Basic Load Simulation	END	1631777614034
USER	Basic Load Simulation	START	1631777614200
REQUEST		get specific game	1631777614200	1631777614203	OK	 
REQUEST		Get all games	1631777614200	1631777614205	OK	 
REQUEST		Get all games	1631777614231	1631777614234	OK	 
USER	Basic Load Simulation	END	1631777614234
USER	Basic Load Simulation	START	1631777614402
REQUEST		get specific game	1631777614402	1631777614405	OK	 
REQUEST		Get all games	1631777614403	1631777614407	OK	 
REQUEST		Get all games	1631777614434	1631777614438	OK	 
USER	Basic Load Simulation	END	1631777614438
REQUEST		get specific game	1631777614606	1631777614610	OK	 
REQUEST		Get all games	1631777614636	1631777614639	OK	 
USER	Basic Load Simulation	END	1631777614640
REQUEST		get specific game	1631777614795	1631777614798	OK	 
REQUEST		Get all games	1631777614827	1631777614832	OK	 
USER	Basic Load Simulation	END	1631777614833
REQUEST		get specific game	1631777615001	1631777615005	OK	 
REQUEST		Get all games	1631777615032	1631777615037	OK	 
USER	Basic Load Simulation	END	1631777615038
REQUEST		get specific game	1631777615204	1631777615207	OK	 
REQUEST		Get all games	1631777615220	1631777615222	OK	 
USER	Basic Load Simulation	END	1631777615223
REQUEST		get specific game	1631777615408	1631777615412	OK	 
REQUEST		Get all games	1631777615424	1631777615426	OK	 
USER	Basic Load Simulation	END	1631777615427
REQUEST		Get all games	1631777615626	1631777615630	OK	 
REQUEST		get specific game	1631777615626	1631777615633	OK	 
USER	Basic Load Simulation	END	1631777615631
REQUEST		get specific game	1631777615798	1631777615800	OK	 
REQUEST		Get all games	1631777615813	1631777615815	OK	 
USER	Basic Load Simulation	END	1631777615815
REQUEST		get specific game	1631777616001	1631777616004	OK	 
REQUEST		Get all games	1631777616017	1631777616020	OK	 
USER	Basic Load Simulation	END	1631777616020
REQUEST		get specific game	1631777616219	1631777616222	OK	 
REQUEST		Get all games	1631777616219	1631777616222	OK	 
USER	Basic Load Simulation	END	1631777616223
REQUEST		Get all games	1631777616421	1631777616424	OK	 
USER	Basic Load Simulation	END	1631777616425
REQUEST		get specific game	1631777616421	1631777616425	OK	 
REQUEST		get specific game	1631777616608	1631777616612	OK	 
REQUEST		Get all games	1631777616625	1631777616628	OK	 
USER	Basic Load Simulation	END	1631777616629
REQUEST		get specific game	1631777616812	1631777616814	OK	 
REQUEST		Get all games	1631777616827	1631777616833	OK	 
USER	Basic Load Simulation	END	1631777616834
REQUEST		get specific game	1631777616997	1631777616999	OK	 
REQUEST		Get all games	1631777617028	1631777617033	OK	 
USER	Basic Load Simulation	END	1631777617033
REQUEST		Get all games	1631777617217	1631777617219	OK	 
REQUEST		get specific game	1631777617217	1631777617219	OK	 
USER	Basic Load Simulation	END	1631777617220
REQUEST		Get all games	1631777617406	1631777617410	OK	 
REQUEST		get specific game	1631777617406	1631777617411	OK	 
USER	Basic Load Simulation	END	1631777617411
REQUEST		get specific game	1631777617608	1631777617612	OK	 
REQUEST		Get all games	1631777617624	1631777617627	OK	 
USER	Basic Load Simulation	END	1631777617628
REQUEST		get specific game	1631777617795	1631777617799	OK	 
REQUEST		Get all games	1631777617810	1631777617816	OK	 
USER	Basic Load Simulation	END	1631777617816
REQUEST		get specific game	1631777617998	1631777618002	OK	 
REQUEST		Get all games	1631777618014	1631777618018	OK	 
USER	Basic Load Simulation	END	1631777618018
REQUEST		get specific game	1631777618199	1631777618202	OK	 
REQUEST		Get all games	1631777618215	1631777618217	OK	 
USER	Basic Load Simulation	END	1631777618218
REQUEST		get specific game	1631777618400	1631777618403	OK	 
REQUEST		Get all games	1631777618431	1631777618433	OK	 
USER	Basic Load Simulation	END	1631777618434
REQUEST		get specific game	1631777618617	1631777618620	OK	 
REQUEST		Get all games	1631777618617	1631777618620	OK	 
USER	Basic Load Simulation	END	1631777618621
REQUEST		get specific game	1631777618816	1631777618818	OK	 
REQUEST		Get all games	1631777618831	1631777618834	OK	 
USER	Basic Load Simulation	END	1631777618834
REQUEST		get specific game	1631777619018	1631777619021	OK	 
REQUEST		Get all games	1631777619018	1631777619021	OK	 
USER	Basic Load Simulation	END	1631777619021
REQUEST		get specific game	1631777619219	1631777619221	OK	 
REQUEST		Get all games	1631777619219	1631777619221	OK	 
USER	Basic Load Simulation	END	1631777619222
REQUEST		get specific game	1631777619418	1631777619421	OK	 
REQUEST		Get all games	1631777619418	1631777619421	OK	 
USER	Basic Load Simulation	END	1631777619422
REQUEST		Get all games	1631777619619	1631777619622	OK	 
USER	Basic Load Simulation	END	1631777619623
REQUEST		Get all games	1631777619807	1631777619811	OK	 
USER	Basic Load Simulation	END	1631777619811
REQUEST		Get all games	1631777620013	1631777620017	OK	 
USER	Basic Load Simulation	END	1631777620018
REQUEST		Get all games	1631777620215	1631777620219	OK	 
USER	Basic Load Simulation	END	1631777620220
REQUEST		Get all games	1631777620417	1631777620420	OK	 
USER	Basic Load Simulation	END	1631777620421
REQUEST		Get all games	1631777620648	1631777620651	OK	 
USER	Basic Load Simulation	END	1631777620651
REQUEST		Get all games	1631777620816	1631777620818	OK	 
USER	Basic Load Simulation	END	1631777620818
REQUEST		Get all games	1631777621016	1631777621019	OK	 
USER	Basic Load Simulation	END	1631777621019
REQUEST		Get all games	1631777621232	1631777621235	OK	 
USER	Basic Load Simulation	END	1631777621235
REQUEST		Get all games	1631777621431	1631777621433	OK	 
USER	Basic Load Simulation	END	1631777621434
REQUEST		Get all games	1631777621617	1631777621620	OK	 
USER	Basic Load Simulation	END	1631777621620
REQUEST		Get all games	1631777621819	1631777621822	OK	 
USER	Basic Load Simulation	END	1631777621823
REQUEST		Get all games	1631777622004	1631777622007	OK	 
USER	Basic Load Simulation	END	1631777622008
REQUEST		Get all games	1631777622224	1631777622227	OK	 
USER	Basic Load Simulation	END	1631777622227
REQUEST		Get all games	1631777622426	1631777622434	OK	 
USER	Basic Load Simulation	END	1631777622434
REQUEST		Get all games	1631777622629	1631777622632	OK	 
USER	Basic Load Simulation	END	1631777622633
REQUEST		Get all games	1631777622800	1631777622803	OK	 
USER	Basic Load Simulation	END	1631777622804
REQUEST		Get all games	1631777623018	1631777623022	OK	 
USER	Basic Load Simulation	END	1631777623022
REQUEST		Get all games	1631777623205	1631777623207	OK	 
USER	Basic Load Simulation	END	1631777623208
REQUEST		Get all games	1631777623410	1631777623413	OK	 
USER	Basic Load Simulation	END	1631777623413
REQUEST		Get all games	1631777623627	1631777623631	OK	 
USER	Basic Load Simulation	END	1631777623631
REQUEST		Get all games	1631777623833	1631777623838	OK	 
USER	Basic Load Simulation	END	1631777623839
REQUEST		Get all games	1631777624023	1631777624025	OK	 
USER	Basic Load Simulation	END	1631777624026
REQUEST		Get all games	1631777624227	1631777624230	OK	 
USER	Basic Load Simulation	END	1631777624231
REQUEST		Get all games	1631777624433	1631777624435	OK	 
USER	Basic Load Simulation	END	1631777624436
