RUN	simulations.BasicLoadSimulation	basicloadsimulation	1631092365378	 	3.6.1
USER	Basic Load Simulation	START	1631092372370
USER	Basic Load Simulation	START	1631092372371
USER	Basic Load Simulation	START	1631092372370
USER	Basic Load Simulation	START	1631092372370
USER	Basic Load Simulation	START	1631092372370
USER	Basic Load Simulation	START	1631092372376
REQUEST		Get all games	1631092372428	1631092373021	OK	 
REQUEST		Get all games	1631092372429	1631092373010	OK	 
REQUEST		Get all games	1631092372428	1631092373011	OK	 
REQUEST		Get all games	1631092372428	1631092373011	OK	 
REQUEST		Get all games	1631092372431	1631092373011	OK	 
REQUEST		Get all games	1631092372428	1631092373060	OK	 
USER	Basic Load Simulation	START	1631092373345
REQUEST		Get all games	1631092373346	1631092373364	OK	 
USER	Basic Load Simulation	START	1631092374351
REQUEST		Get all games	1631092374353	1631092374378	OK	 
USER	Basic Load Simulation	START	1631092375358
REQUEST		Get all games	1631092375360	1631092375383	OK	 
USER	Basic Load Simulation	START	1631092376356
REQUEST		Get all games	1631092376357	1631092376379	OK	 
USER	Basic Load Simulation	START	1631092377352
REQUEST		Get all games	1631092377353	1631092377371	OK	 
REQUEST		get specific game	1631092378065	1631092378102	OK	 
REQUEST		get specific game	1631092378071	1631092378102	OK	 
REQUEST		get specific game	1631092378065	1631092378107	OK	 
REQUEST		get specific game	1631092378070	1631092378113	OK	 
REQUEST		get specific game	1631092378067	1631092378119	OK	 
REQUEST		get specific game	1631092378069	1631092378123	OK	 
USER	Basic Load Simulation	START	1631092378347
REQUEST		Get all games	1631092378348	1631092378359	OK	 
REQUEST		get specific game	1631092378379	1631092378393	OK	 
USER	Basic Load Simulation	START	1631092379347
REQUEST		Get all games	1631092379349	1631092379367	OK	 
REQUEST		get specific game	1631092379394	1631092379405	OK	 
USER	Basic Load Simulation	START	1631092380345
REQUEST		Get all games	1631092380346	1631092380361	OK	 
REQUEST		get specific game	1631092380393	1631092380400	OK	 
USER	Basic Load Simulation	START	1631092381353
REQUEST		Get all games	1631092381354	1631092381370	OK	 
REQUEST		get specific game	1631092381384	1631092381397	OK	 
REQUEST		get specific game	1631092382378	1631092382389	OK	 
REQUEST		Get all games	1631092383112	1631092383117	OK	 
REQUEST		Get all games	1631092383112	1631092383119	OK	 
USER	Basic Load Simulation	END	1631092383122
REQUEST		Get all games	1631092383112	1631092383123	OK	 
USER	Basic Load Simulation	END	1631092383122
USER	Basic Load Simulation	END	1631092383124
REQUEST		Get all games	1631092383128	1631092383133	OK	 
REQUEST		Get all games	1631092383128	1631092383135	OK	 
USER	Basic Load Simulation	END	1631092383134
REQUEST		Get all games	1631092383128	1631092383136	OK	 
USER	Basic Load Simulation	END	1631092383135
USER	Basic Load Simulation	END	1631092383137
REQUEST		get specific game	1631092383362	1631092383370	OK	 
REQUEST		Get all games	1631092383408	1631092383414	OK	 
USER	Basic Load Simulation	END	1631092383414
REQUEST		get specific game	1631092384378	1631092384389	OK	 
REQUEST		Get all games	1631092384408	1631092384416	OK	 
USER	Basic Load Simulation	END	1631092384418
REQUEST		get specific game	1631092385365	1631092385376	OK	 
REQUEST		Get all games	1631092385411	1631092385424	OK	 
USER	Basic Load Simulation	END	1631092385426
REQUEST		get specific game	1631092386388	1631092386399	OK	 
REQUEST		Get all games	1631092386404	1631092386424	OK	 
USER	Basic Load Simulation	END	1631092386426
REQUEST		Get all games	1631092387394	1631092387399	OK	 
USER	Basic Load Simulation	END	1631092387399
REQUEST		Get all games	1631092388385	1631092388390	OK	 
USER	Basic Load Simulation	END	1631092388391
REQUEST		Get all games	1631092389401	1631092389410	OK	 
USER	Basic Load Simulation	END	1631092389411
REQUEST		Get all games	1631092390393	1631092390403	OK	 
USER	Basic Load Simulation	END	1631092390405
REQUEST		Get all games	1631092391404	1631092391414	OK	 
USER	Basic Load Simulation	END	1631092391415
