RUN	simulations.RampUsersSimulation	rampuserssimulation	1631777315277	 	3.6.1
USER	Basic Load Simulation	START	1631777323550
USER	Basic Load Simulation	START	1631777323717
USER	Basic Load Simulation	START	1631777323937
USER	Basic Load Simulation	START	1631777324049
USER	Basic Load Simulation	START	1631777323843
USER	Basic Load Simulation	START	1631777323622
USER	Basic Load Simulation	START	1631777324142
USER	Basic Load Simulation	START	1631777324253
USER	Basic Load Simulation	START	1631777324347
USER	Basic Load Simulation	START	1631777324471
USER	Basic Load Simulation	START	1631777324562
USER	Basic Load Simulation	START	1631777324623
USER	Basic Load Simulation	START	1631777324717
USER	Basic Load Simulation	START	1631777324822
USER	Basic Load Simulation	START	1631777324914
USER	Basic Load Simulation	START	1631777325020
REQUEST		Get all games	1631777324143	1631777325121	OK	 
REQUEST		Get all games	1631777323624	1631777325122	OK	 
REQUEST		Get all games	1631777323717	1631777325121	OK	 
REQUEST		Get all games	1631777325021	1631777325122	OK	 
REQUEST		Get all games	1631777323618	1631777325120	OK	 
REQUEST		Get all games	1631777324721	1631777325120	OK	 
REQUEST		Get all games	1631777324623	1631777325125	OK	 
REQUEST		Get all games	1631777324823	1631777325121	OK	 
REQUEST		Get all games	1631777324050	1631777325165	OK	 
USER	Basic Load Simulation	START	1631777325166
REQUEST		Get all games	1631777324915	1631777325167	OK	 
REQUEST		Get all games	1631777324348	1631777325169	OK	 
REQUEST		Get all games	1631777323844	1631777325171	OK	 
REQUEST		Get all games	1631777323938	1631777325171	OK	 
REQUEST		Get all games	1631777324258	1631777325173	OK	 
REQUEST		Get all games	1631777324473	1631777325178	OK	 
REQUEST		Get all games	1631777324564	1631777325181	OK	 
REQUEST		Get all games	1631777325166	1631777325194	OK	 
USER	Basic Load Simulation	START	1631777325222
REQUEST		Get all games	1631777325223	1631777325235	OK	 
USER	Basic Load Simulation	START	1631777325316
REQUEST		Get all games	1631777325318	1631777325351	OK	 
USER	Basic Load Simulation	START	1631777325425
REQUEST		Get all games	1631777325426	1631777325457	OK	 
USER	Basic Load Simulation	START	1631777325567
REQUEST		Get all games	1631777325569	1631777325587	OK	 
USER	Basic Load Simulation	START	1631777325626
REQUEST		Get all games	1631777325627	1631777325639	OK	 
USER	Basic Load Simulation	START	1631777325719
REQUEST		Get all games	1631777325720	1631777325744	OK	 
USER	Basic Load Simulation	START	1631777325829
REQUEST		Get all games	1631777325830	1631777325849	OK	 
USER	Basic Load Simulation	START	1631777325923
REQUEST		Get all games	1631777325925	1631777325959	OK	 
USER	Basic Load Simulation	START	1631777326032
REQUEST		Get all games	1631777326033	1631777326050	OK	 
USER	Basic Load Simulation	START	1631777326124
REQUEST		Get all games	1631777326125	1631777326136	OK	 
USER	Basic Load Simulation	START	1631777326219
REQUEST		Get all games	1631777326220	1631777326233	OK	 
USER	Basic Load Simulation	START	1631777326326
REQUEST		Get all games	1631777326326	1631777326340	OK	 
USER	Basic Load Simulation	START	1631777326434
REQUEST		Get all games	1631777326436	1631777326470	OK	 
USER	Basic Load Simulation	START	1631777326527
REQUEST		Get all games	1631777326527	1631777326539	OK	 
USER	Basic Load Simulation	START	1631777326623
REQUEST		Get all games	1631777326624	1631777326637	OK	 
USER	Basic Load Simulation	START	1631777326720
REQUEST		Get all games	1631777326721	1631777326742	OK	 
USER	Basic Load Simulation	START	1631777326814
REQUEST		Get all games	1631777326815	1631777326831	OK	 
USER	Basic Load Simulation	START	1631777326923
REQUEST		Get all games	1631777326924	1631777326955	OK	 
USER	Basic Load Simulation	START	1631777327017
REQUEST		Get all games	1631777327018	1631777327042	OK	 
USER	Basic Load Simulation	START	1631777327126
REQUEST		Get all games	1631777327127	1631777327141	OK	 
USER	Basic Load Simulation	START	1631777327219
REQUEST		Get all games	1631777327220	1631777327230	OK	 
USER	Basic Load Simulation	START	1631777327314
REQUEST		Get all games	1631777327315	1631777327332	OK	 
USER	Basic Load Simulation	START	1631777327422
REQUEST		Get all games	1631777327423	1631777327432	OK	 
USER	Basic Load Simulation	START	1631777327514
REQUEST		Get all games	1631777327515	1631777327533	OK	 
USER	Basic Load Simulation	START	1631777327625
REQUEST		Get all games	1631777327626	1631777327644	OK	 
USER	Basic Load Simulation	START	1631777327718
REQUEST		Get all games	1631777327719	1631777327762	OK	 
USER	Basic Load Simulation	START	1631777327825
REQUEST		Get all games	1631777327825	1631777327839	OK	 
USER	Basic Load Simulation	START	1631777327916
REQUEST		Get all games	1631777327917	1631777327926	OK	 
USER	Basic Load Simulation	START	1631777328026
REQUEST		Get all games	1631777328027	1631777328042	OK	 
USER	Basic Load Simulation	START	1631777328119
REQUEST		Get all games	1631777328119	1631777328131	OK	 
USER	Basic Load Simulation	START	1631777328228
REQUEST		Get all games	1631777328228	1631777328237	OK	 
USER	Basic Load Simulation	START	1631777328321
REQUEST		Get all games	1631777328321	1631777328329	OK	 
USER	Basic Load Simulation	START	1631777328417
REQUEST		Get all games	1631777328418	1631777328437	OK	 
USER	Basic Load Simulation	START	1631777328525
REQUEST		Get all games	1631777328525	1631777328540	OK	 
USER	Basic Load Simulation	START	1631777328618
REQUEST		Get all games	1631777328619	1631777328632	OK	 
USER	Basic Load Simulation	START	1631777328726
REQUEST		Get all games	1631777328726	1631777328733	OK	 
USER	Basic Load Simulation	START	1631777328821
REQUEST		Get all games	1631777328822	1631777328832	OK	 
USER	Basic Load Simulation	START	1631777328915
REQUEST		Get all games	1631777328916	1631777328925	OK	 
USER	Basic Load Simulation	START	1631777329025
REQUEST		Get all games	1631777329025	1631777329039	OK	 
USER	Basic Load Simulation	START	1631777329117
REQUEST		Get all games	1631777329118	1631777329125	OK	 
USER	Basic Load Simulation	START	1631777329226
REQUEST		Get all games	1631777329227	1631777329237	OK	 
USER	Basic Load Simulation	START	1631777329320
REQUEST		Get all games	1631777329321	1631777329355	OK	 
USER	Basic Load Simulation	START	1631777329428
REQUEST		Get all games	1631777329429	1631777329436	OK	 
USER	Basic Load Simulation	START	1631777329523
REQUEST		Get all games	1631777329524	1631777329556	OK	 
USER	Basic Load Simulation	START	1631777329630
REQUEST		Get all games	1631777329631	1631777329639	OK	 
USER	Basic Load Simulation	START	1631777329726
REQUEST		Get all games	1631777329728	1631777329775	OK	 
USER	Basic Load Simulation	START	1631777329834
REQUEST		Get all games	1631777329835	1631777329850	OK	 
USER	Basic Load Simulation	START	1631777329927
REQUEST		Get all games	1631777329928	1631777329936	OK	 
USER	Basic Load Simulation	START	1631777330023
REQUEST		Get all games	1631777330024	1631777330041	OK	 
USER	Basic Load Simulation	START	1631777330148
REQUEST		Get all games	1631777330149	1631777330157	OK	 
REQUEST		get specific game	1631777330181	1631777330194	OK	 
REQUEST		get specific game	1631777330164	1631777330206	OK	 
REQUEST		get specific game	1631777330183	1631777330217	OK	 
REQUEST		get specific game	1631777330164	1631777330219	OK	 
REQUEST		get specific game	1631777330181	1631777330220	OK	 
REQUEST		get specific game	1631777330182	1631777330222	OK	 
REQUEST		get specific game	1631777330183	1631777330222	OK	 
REQUEST		get specific game	1631777330179	1631777330225	OK	 
REQUEST		get specific game	1631777330184	1631777330230	OK	 
USER	Basic Load Simulation	START	1631777330248
REQUEST		get specific game	1631777330210	1631777330258	OK	 
REQUEST		get specific game	1631777330198	1631777330259	OK	 
REQUEST		get specific game	1631777330248	1631777330266	OK	 
REQUEST		get specific game	1631777330182	1631777330269	OK	 
REQUEST		get specific game	1631777330179	1631777330273	OK	 
REQUEST		get specific game	1631777330181	1631777330281	OK	 
REQUEST		get specific game	1631777330195	1631777330286	OK	 
REQUEST		get specific game	1631777330179	1631777330293	OK	 
REQUEST		get specific game	1631777330186	1631777330320	OK	 
REQUEST		Get all games	1631777330249	1631777330322	OK	 
USER	Basic Load Simulation	START	1631777330348
REQUEST		Get all games	1631777330349	1631777330357	OK	 
REQUEST		get specific game	1631777330364	1631777330370	OK	 
USER	Basic Load Simulation	START	1631777330442
REQUEST		Get all games	1631777330443	1631777330452	OK	 
REQUEST		get specific game	1631777330473	1631777330483	OK	 
USER	Basic Load Simulation	START	1631777330549
REQUEST		Get all games	1631777330550	1631777330561	OK	 
REQUEST		get specific game	1631777330595	1631777330601	OK	 
USER	Basic Load Simulation	START	1631777330625
REQUEST		Get all games	1631777330626	1631777330633	OK	 
REQUEST		get specific game	1631777330641	1631777330645	OK	 
USER	Basic Load Simulation	START	1631777330719
REQUEST		Get all games	1631777330719	1631777330730	OK	 
REQUEST		get specific game	1631777330751	1631777330760	OK	 
USER	Basic Load Simulation	START	1631777330814
REQUEST		Get all games	1631777330814	1631777330822	OK	 
REQUEST		get specific game	1631777330860	1631777330871	OK	 
USER	Basic Load Simulation	START	1631777330923
REQUEST		Get all games	1631777330924	1631777330937	OK	 
REQUEST		get specific game	1631777330970	1631777330976	OK	 
USER	Basic Load Simulation	START	1631777331018
REQUEST		Get all games	1631777331018	1631777331024	OK	 
REQUEST		get specific game	1631777331066	1631777331078	OK	 
USER	Basic Load Simulation	START	1631777331113
REQUEST		Get all games	1631777331114	1631777331128	OK	 
REQUEST		get specific game	1631777331143	1631777331154	OK	 
USER	Basic Load Simulation	START	1631777331222
REQUEST		Get all games	1631777331223	1631777331247	OK	 
REQUEST		get specific game	1631777331238	1631777331253	OK	 
USER	Basic Load Simulation	START	1631777331314
REQUEST		Get all games	1631777331315	1631777331327	OK	 
REQUEST		get specific game	1631777331346	1631777331370	OK	 
USER	Basic Load Simulation	START	1631777331421
REQUEST		Get all games	1631777331421	1631777331428	OK	 
REQUEST		get specific game	1631777331483	1631777331492	OK	 
USER	Basic Load Simulation	START	1631777331515
REQUEST		Get all games	1631777331516	1631777331529	OK	 
REQUEST		get specific game	1631777331546	1631777331562	OK	 
USER	Basic Load Simulation	START	1631777331623
REQUEST		Get all games	1631777331624	1631777331631	OK	 
REQUEST		get specific game	1631777331639	1631777331645	OK	 
USER	Basic Load Simulation	START	1631777331716
REQUEST		Get all games	1631777331716	1631777331721	OK	 
REQUEST		get specific game	1631777331747	1631777331755	OK	 
USER	Basic Load Simulation	START	1631777331827
REQUEST		Get all games	1631777331828	1631777331839	OK	 
REQUEST		get specific game	1631777331842	1631777331850	OK	 
USER	Basic Load Simulation	START	1631777331920
REQUEST		Get all games	1631777331921	1631777331939	OK	 
REQUEST		get specific game	1631777331967	1631777331978	OK	 
USER	Basic Load Simulation	START	1631777332028
REQUEST		Get all games	1631777332029	1631777332042	OK	 
REQUEST		get specific game	1631777332058	1631777332069	OK	 
USER	Basic Load Simulation	START	1631777332121
REQUEST		Get all games	1631777332122	1631777332131	OK	 
REQUEST		get specific game	1631777332153	1631777332162	OK	 
USER	Basic Load Simulation	START	1631777332216
REQUEST		Get all games	1631777332216	1631777332222	OK	 
REQUEST		get specific game	1631777332247	1631777332259	OK	 
USER	Basic Load Simulation	START	1631777332327
REQUEST		Get all games	1631777332328	1631777332337	OK	 
REQUEST		get specific game	1631777332342	1631777332353	OK	 
USER	Basic Load Simulation	START	1631777332421
REQUEST		Get all games	1631777332422	1631777332431	OK	 
REQUEST		get specific game	1631777332437	1631777332445	OK	 
USER	Basic Load Simulation	START	1631777332531
REQUEST		Get all games	1631777332532	1631777332540	OK	 
REQUEST		get specific game	1631777332546	1631777332558	OK	 
USER	Basic Load Simulation	START	1631777332625
REQUEST		Get all games	1631777332625	1631777332633	OK	 
REQUEST		get specific game	1631777332656	1631777332662	OK	 
USER	Basic Load Simulation	START	1631777332717
REQUEST		Get all games	1631777332718	1631777332725	OK	 
REQUEST		get specific game	1631777332781	1631777332790	OK	 
USER	Basic Load Simulation	START	1631777332810
REQUEST		Get all games	1631777332811	1631777332821	OK	 
REQUEST		get specific game	1631777332856	1631777332864	OK	 
USER	Basic Load Simulation	START	1631777332918
REQUEST		Get all games	1631777332918	1631777332926	OK	 
REQUEST		get specific game	1631777332933	1631777332938	OK	 
USER	Basic Load Simulation	START	1631777333012
REQUEST		Get all games	1631777333012	1631777333020	OK	 
REQUEST		get specific game	1631777333059	1631777333065	OK	 
USER	Basic Load Simulation	START	1631777333122
REQUEST		Get all games	1631777333123	1631777333129	OK	 
REQUEST		get specific game	1631777333137	1631777333142	OK	 
USER	Basic Load Simulation	START	1631777333217
REQUEST		Get all games	1631777333217	1631777333229	OK	 
REQUEST		get specific game	1631777333248	1631777333253	OK	 
USER	Basic Load Simulation	START	1631777333326
REQUEST		Get all games	1631777333327	1631777333345	OK	 
REQUEST		get specific game	1631777333341	1631777333354	OK	 
USER	Basic Load Simulation	START	1631777333419
REQUEST		Get all games	1631777333419	1631777333426	OK	 
REQUEST		get specific game	1631777333451	1631777333457	OK	 
REQUEST		get specific game	1631777333546	1631777333551	OK	 
REQUEST		get specific game	1631777333642	1631777333646	OK	 
REQUEST		get specific game	1631777333735	1631777333742	OK	 
REQUEST		get specific game	1631777333846	1631777333856	OK	 
REQUEST		get specific game	1631777333940	1631777333955	OK	 
REQUEST		get specific game	1631777334049	1631777334060	OK	 
REQUEST		get specific game	1631777334128	1631777334134	OK	 
REQUEST		get specific game	1631777334240	1631777334249	OK	 
REQUEST		get specific game	1631777334365	1631777334377	OK	 
REQUEST		get specific game	1631777334442	1631777334447	OK	 
REQUEST		get specific game	1631777334570	1631777334598	OK	 
REQUEST		get specific game	1631777334648	1631777334656	OK	 
REQUEST		get specific game	1631777334789	1631777334799	OK	 
REQUEST		get specific game	1631777334868	1631777334875	OK	 
REQUEST		get specific game	1631777334946	1631777334955	OK	 
REQUEST		get specific game	1631777335055	1631777335065	OK	 
REQUEST		get specific game	1631777335166	1631777335178	OK	 
REQUEST		Get all games	1631777335198	1631777335204	OK	 
USER	Basic Load Simulation	END	1631777335211
REQUEST		Get all games	1631777335212	1631777335222	OK	 
USER	Basic Load Simulation	END	1631777335223
REQUEST		Get all games	1631777335230	1631777335243	OK	 
REQUEST		Get all games	1631777335229	1631777335247	OK	 
USER	Basic Load Simulation	END	1631777335244
USER	Basic Load Simulation	END	1631777335248
REQUEST		Get all games	1631777335231	1631777335255	OK	 
REQUEST		Get all games	1631777335233	1631777335258	OK	 
REQUEST		Get all games	1631777335232	1631777335267	OK	 
REQUEST		Get all games	1631777335260	1631777335273	OK	 
REQUEST		Get all games	1631777335277	1631777335286	OK	 
REQUEST		Get all games	1631777335269	1631777335288	OK	 
REQUEST		Get all games	1631777335290	1631777335301	OK	 
REQUEST		Get all games	1631777335232	1631777335301	OK	 
USER	Basic Load Simulation	END	1631777335256
USER	Basic Load Simulation	END	1631777335259
USER	Basic Load Simulation	END	1631777335268
USER	Basic Load Simulation	END	1631777335274
USER	Basic Load Simulation	END	1631777335287
USER	Basic Load Simulation	END	1631777335289
USER	Basic Load Simulation	END	1631777335302
USER	Basic Load Simulation	END	1631777335302
REQUEST		Get all games	1631777335275	1631777335312	OK	 
REQUEST		Get all games	1631777335304	1631777335315	OK	 
REQUEST		Get all games	1631777335291	1631777335318	OK	 
REQUEST		Get all games	1631777335244	1631777335318	OK	 
USER	Basic Load Simulation	END	1631777335312
USER	Basic Load Simulation	END	1631777335316
USER	Basic Load Simulation	END	1631777335319
USER	Basic Load Simulation	END	1631777335319
REQUEST		Get all games	1631777335305	1631777335328	OK	 
USER	Basic Load Simulation	END	1631777335329
REQUEST		get specific game	1631777335334	1631777335338	OK	 
REQUEST		Get all games	1631777335334	1631777335344	OK	 
USER	Basic Load Simulation	END	1631777335345
REQUEST		get specific game	1631777335366	1631777335376	OK	 
REQUEST		Get all games	1631777335382	1631777335386	OK	 
USER	Basic Load Simulation	END	1631777335387
REQUEST		get specific game	1631777335459	1631777335465	OK	 
REQUEST		Get all games	1631777335491	1631777335500	OK	 
USER	Basic Load Simulation	END	1631777335501
REQUEST		get specific game	1631777335571	1631777335577	OK	 
REQUEST		Get all games	1631777335616	1631777335621	OK	 
USER	Basic Load Simulation	END	1631777335622
REQUEST		Get all games	1631777335647	1631777335657	OK	 
REQUEST		get specific game	1631777335647	1631777335658	OK	 
USER	Basic Load Simulation	END	1631777335658
REQUEST		get specific game	1631777335739	1631777335744	OK	 
REQUEST		Get all games	1631777335770	1631777335776	OK	 
USER	Basic Load Simulation	END	1631777335777
REQUEST		get specific game	1631777335833	1631777335837	OK	 
REQUEST		Get all games	1631777335881	1631777335892	OK	 
USER	Basic Load Simulation	END	1631777335894
REQUEST		get specific game	1631777335943	1631777335964	OK	 
REQUEST		Get all games	1631777335990	1631777336004	OK	 
USER	Basic Load Simulation	END	1631777336006
REQUEST		get specific game	1631777336035	1631777336040	OK	 
REQUEST		Get all games	1631777336081	1631777336085	OK	 
USER	Basic Load Simulation	END	1631777336086
REQUEST		get specific game	1631777336144	1631777336157	OK	 
REQUEST		Get all games	1631777336161	1631777336171	OK	 
USER	Basic Load Simulation	END	1631777336172
REQUEST		get specific game	1631777336253	1631777336259	OK	 
REQUEST		Get all games	1631777336267	1631777336272	OK	 
USER	Basic Load Simulation	END	1631777336272
REQUEST		get specific game	1631777336344	1631777336353	OK	 
REQUEST		Get all games	1631777336380	1631777336393	OK	 
USER	Basic Load Simulation	END	1631777336394
REQUEST		get specific game	1631777336437	1631777336446	OK	 
REQUEST		Get all games	1631777336502	1631777336511	OK	 
USER	Basic Load Simulation	END	1631777336513
REQUEST		get specific game	1631777336533	1631777336541	OK	 
REQUEST		Get all games	1631777336566	1631777336578	OK	 
USER	Basic Load Simulation	END	1631777336582
REQUEST		get specific game	1631777336644	1631777336652	OK	 
REQUEST		Get all games	1631777336659	1631777336668	OK	 
USER	Basic Load Simulation	END	1631777336669
REQUEST		get specific game	1631777336735	1631777336739	OK	 
REQUEST		Get all games	1631777336767	1631777336772	OK	 
USER	Basic Load Simulation	END	1631777336772
REQUEST		get specific game	1631777336845	1631777336850	OK	 
REQUEST		Get all games	1631777336860	1631777336867	OK	 
USER	Basic Load Simulation	END	1631777336868
REQUEST		get specific game	1631777336956	1631777336960	OK	 
REQUEST		Get all games	1631777336987	1631777336992	OK	 
USER	Basic Load Simulation	END	1631777336992
REQUEST		get specific game	1631777337050	1631777337056	OK	 
REQUEST		Get all games	1631777337082	1631777337089	OK	 
USER	Basic Load Simulation	END	1631777337090
REQUEST		get specific game	1631777337144	1631777337155	OK	 
REQUEST		Get all games	1631777337178	1631777337208	OK	 
USER	Basic Load Simulation	END	1631777337210
REQUEST		get specific game	1631777337239	1631777337265	OK	 
REQUEST		Get all games	1631777337268	1631777337280	OK	 
USER	Basic Load Simulation	END	1631777337282
REQUEST		get specific game	1631777337350	1631777337355	OK	 
REQUEST		Get all games	1631777337361	1631777337373	OK	 
USER	Basic Load Simulation	END	1631777337374
REQUEST		get specific game	1631777337440	1631777337443	OK	 
REQUEST		Get all games	1631777337454	1631777337459	OK	 
USER	Basic Load Simulation	END	1631777337459
REQUEST		get specific game	1631777337547	1631777337552	OK	 
REQUEST		Get all games	1631777337563	1631777337568	OK	 
USER	Basic Load Simulation	END	1631777337569
REQUEST		get specific game	1631777337642	1631777337653	OK	 
REQUEST		Get all games	1631777337675	1631777337723	OK	 
USER	Basic Load Simulation	END	1631777337724
REQUEST		get specific game	1631777337738	1631777337752	OK	 
REQUEST		Get all games	1631777337800	1631777337806	OK	 
USER	Basic Load Simulation	END	1631777337806
REQUEST		get specific game	1631777337833	1631777337839	OK	 
REQUEST		Get all games	1631777337879	1631777337889	OK	 
USER	Basic Load Simulation	END	1631777337889
REQUEST		get specific game	1631777337940	1631777337946	OK	 
REQUEST		Get all games	1631777337940	1631777337948	OK	 
USER	Basic Load Simulation	END	1631777337948
REQUEST		get specific game	1631777338032	1631777338036	OK	 
REQUEST		Get all games	1631777338078	1631777338088	OK	 
USER	Basic Load Simulation	END	1631777338088
REQUEST		get specific game	1631777338140	1631777338144	OK	 
REQUEST		Get all games	1631777338155	1631777338159	OK	 
USER	Basic Load Simulation	END	1631777338160
REQUEST		get specific game	1631777338231	1631777338236	OK	 
REQUEST		Get all games	1631777338270	1631777338274	OK	 
USER	Basic Load Simulation	END	1631777338275
REQUEST		get specific game	1631777338355	1631777338366	OK	 
REQUEST		Get all games	1631777338372	1631777338378	OK	 
USER	Basic Load Simulation	END	1631777338379
REQUEST		get specific game	1631777338431	1631777338434	OK	 
REQUEST		Get all games	1631777338462	1631777338471	OK	 
USER	Basic Load Simulation	END	1631777338473
REQUEST		Get all games	1631777338555	1631777338561	OK	 
USER	Basic Load Simulation	END	1631777338562
REQUEST		Get all games	1631777338649	1631777338657	OK	 
USER	Basic Load Simulation	END	1631777338659
REQUEST		Get all games	1631777338757	1631777338773	OK	 
USER	Basic Load Simulation	END	1631777338776
REQUEST		Get all games	1631777338866	1631777338871	OK	 
USER	Basic Load Simulation	END	1631777338871
REQUEST		Get all games	1631777338961	1631777338974	OK	 
USER	Basic Load Simulation	END	1631777338977
REQUEST		Get all games	1631777339072	1631777339084	OK	 
USER	Basic Load Simulation	END	1631777339085
REQUEST		Get all games	1631777339150	1631777339168	OK	 
USER	Basic Load Simulation	END	1631777339170
REQUEST		Get all games	1631777339258	1631777339266	OK	 
USER	Basic Load Simulation	END	1631777339267
REQUEST		Get all games	1631777339383	1631777339403	OK	 
USER	Basic Load Simulation	END	1631777339405
REQUEST		Get all games	1631777339460	1631777339469	OK	 
USER	Basic Load Simulation	END	1631777339470
REQUEST		Get all games	1631777339618	1631777339633	OK	 
USER	Basic Load Simulation	END	1631777339635
REQUEST		Get all games	1631777339661	1631777339672	OK	 
USER	Basic Load Simulation	END	1631777339673
REQUEST		Get all games	1631777339802	1631777339811	OK	 
USER	Basic Load Simulation	END	1631777339813
REQUEST		Get all games	1631777339879	1631777339887	OK	 
USER	Basic Load Simulation	END	1631777339888
REQUEST		Get all games	1631777339972	1631777339977	OK	 
USER	Basic Load Simulation	END	1631777339977
REQUEST		Get all games	1631777340067	1631777340071	OK	 
USER	Basic Load Simulation	END	1631777340072
REQUEST		Get all games	1631777340193	1631777340205	OK	 
USER	Basic Load Simulation	END	1631777340206
REQUEST		Get all games	1631777340348	1631777340357	OK	 
USER	Basic Load Simulation	END	1631777340358
REQUEST		Get all games	1631777340380	1631777340390	OK	 
USER	Basic Load Simulation	END	1631777340391
REQUEST		Get all games	1631777340476	1631777340491	OK	 
USER	Basic Load Simulation	END	1631777340492
REQUEST		Get all games	1631777340584	1631777340588	OK	 
USER	Basic Load Simulation	END	1631777340589
REQUEST		Get all games	1631777340663	1631777340673	OK	 
USER	Basic Load Simulation	END	1631777340676
REQUEST		Get all games	1631777340756	1631777340765	OK	 
USER	Basic Load Simulation	END	1631777340767
REQUEST		Get all games	1631777340848	1631777340851	OK	 
USER	Basic Load Simulation	END	1631777340852
REQUEST		Get all games	1631777340972	1631777340977	OK	 
USER	Basic Load Simulation	END	1631777340977
REQUEST		Get all games	1631777341052	1631777341063	OK	 
USER	Basic Load Simulation	END	1631777341067
REQUEST		Get all games	1631777341161	1631777341166	OK	 
USER	Basic Load Simulation	END	1631777341167
REQUEST		Get all games	1631777341272	1631777341322	OK	 
USER	Basic Load Simulation	END	1631777341323
REQUEST		Get all games	1631777341365	1631777341371	OK	 
USER	Basic Load Simulation	END	1631777341371
REQUEST		Get all games	1631777341459	1631777341464	OK	 
USER	Basic Load Simulation	END	1631777341465
REQUEST		Get all games	1631777341554	1631777341562	OK	 
USER	Basic Load Simulation	END	1631777341563
REQUEST		Get all games	1631777341664	1631777341674	OK	 
USER	Basic Load Simulation	END	1631777341676
REQUEST		Get all games	1631777341744	1631777341753	OK	 
USER	Basic Load Simulation	END	1631777341755
REQUEST		Get all games	1631777341855	1631777341872	OK	 
USER	Basic Load Simulation	END	1631777341874
REQUEST		Get all games	1631777341962	1631777341973	OK	 
USER	Basic Load Simulation	END	1631777341975
REQUEST		Get all games	1631777342072	1631777342083	OK	 
USER	Basic Load Simulation	END	1631777342085
REQUEST		Get all games	1631777342165	1631777342173	OK	 
USER	Basic Load Simulation	END	1631777342174
REQUEST		Get all games	1631777342275	1631777342288	OK	 
USER	Basic Load Simulation	END	1631777342291
REQUEST		Get all games	1631777342366	1631777342375	OK	 
USER	Basic Load Simulation	END	1631777342378
REQUEST		Get all games	1631777342458	1631777342469	OK	 
USER	Basic Load Simulation	END	1631777342472
REQUEST		Get all games	1631777342554	1631777342569	OK	 
USER	Basic Load Simulation	END	1631777342571
REQUEST		Get all games	1631777342661	1631777342666	OK	 
USER	Basic Load Simulation	END	1631777342667
REQUEST		Get all games	1631777342754	1631777342758	OK	 
USER	Basic Load Simulation	END	1631777342759
REQUEST		Get all games	1631777342846	1631777342852	OK	 
USER	Basic Load Simulation	END	1631777342853
REQUEST		Get all games	1631777342958	1631777342970	OK	 
USER	Basic Load Simulation	END	1631777342973
REQUEST		Get all games	1631777343054	1631777343062	OK	 
USER	Basic Load Simulation	END	1631777343063
REQUEST		Get all games	1631777343146	1631777343154	OK	 
USER	Basic Load Simulation	END	1631777343155
REQUEST		Get all games	1631777343243	1631777343251	OK	 
USER	Basic Load Simulation	END	1631777343253
REQUEST		Get all games	1631777343381	1631777343386	OK	 
USER	Basic Load Simulation	END	1631777343387
REQUEST		Get all games	1631777343444	1631777343454	OK	 
USER	Basic Load Simulation	END	1631777343456
